<?xml version="1.0" encoding="UTF-8"?>
<testsuite xmlns:xsi="http://www.w3.org/2001/XMLSchema-instance" xsi:noNamespaceSchemaLocation="https://maven.apache.org/surefire/maven-surefire-plugin/xsd/surefire-test-report.xsd" version="3.0.2" name="com.restaurant.waitlist.backend.service.EmailServiceTest" time="0.049" tests="1" errors="0" skipped="0" failures="0" flakes="0">
  <properties>
[...]
</properties>
  <testcase name="sendVerificationEmailShouldNotThrowWhenMailSendingFails" classname="com.restaurant.waitlist.backend.service.EmailServiceTest" time="0.047">
    <system-out><![CDATA[2026-07-29T23:50:17.186+05:30  WARN 25983 --- [backend] [           main] c.r.w.backend.service.EmailService       : Email delivery failed for verification to user@example.com: smtp unavailable
]]></system-out>
  </testcase>
</testsuite>